<?xml version="1.0" encoding="UTF-8"?>
<testng-results ignored="0" total="1" passed="1" failed="0" skipped="0">
  <reporter-output>
  </reporter-output>
  <suite started-at="2024-03-05T18:22:53 BDT" name="Default suite" finished-at="2024-03-05T18:24:55 BDT" duration-ms="121457">
    <groups>
    </groups>
    <test started-at="2024-03-05T18:22:53 BDT" name="Default test" finished-at="2024-03-05T18:24:55 BDT" duration-ms="121457">
      <class name="com.Nem_Pd.UtilityOfficeInfo">
        <test-method is-config="true" signature="beforeMethod()[pri:0, instance:com.Nem_Pd.UtilityOfficeInfo@7714e963]" started-at="2024-03-05T18:22:53 BDT" name="beforeMethod" finished-at="2024-03-05T18:22:57 BDT" duration-ms="3800" status="PASS">
          <reporter-output>
          </reporter-output>
        </test-method> <!-- beforeMethod -->
        <test-method signature="InsertUtilityOfficeInfo()[pri:0, instance:com.Nem_Pd.UtilityOfficeInfo@7714e963]" started-at="2024-03-05T18:22:57 BDT" name="InsertUtilityOfficeInfo" finished-at="2024-03-05T18:24:55 BDT" duration-ms="117576" status="PASS">
          <reporter-output>
          </reporter-output>
        </test-method> <!-- InsertUtilityOfficeInfo -->
        <test-method is-config="true" signature="afterMethod()[pri:0, instance:com.Nem_Pd.UtilityOfficeInfo@7714e963]" started-at="2024-03-05T18:24:55 BDT" name="afterMethod" finished-at="2024-03-05T18:24:55 BDT" duration-ms="1" status="PASS">
          <reporter-output>
          </reporter-output>
        </test-method> <!-- afterMethod -->
      </class> <!-- com.Nem_Pd.UtilityOfficeInfo -->
    </test> <!-- Default test -->
  </suite> <!-- Default suite -->
</testng-results>
