<?xml version="1.0" encoding="UTF-8"?>
<!-- Generated by org.testng.reporters.JUnitReportReporter -->
<testsuite hostname="TVLLAP26" failures="0" tests="1" name="com.Nem_Pd.TicketBook" time="42.047" errors="1" timestamp="2024-06-12T18:52:43 BDT" skipped="0">
  <testcase classname="com.Nem_Pd.TicketBook" name="testRecord02202461850Pm" time="42.047">
    <error message="javascript error: {&quot;status&quot;:32,&quot;value&quot;:&quot;Unable to locate an element with the xpath expression //*[@id=\\\&quot;search_list_sec\\\&quot;]/div[3]/div/div[1]/app-single-trip[1]/div/div[2]/div[2]/div[3]/div[2]/div[2]/button because of the following error:\nSyntaxError: Failed to execute &#039;evaluate&#039; on &#039;Document&#039;: The string &#039;//*[@id=\\\&quot;search_list_sec\\\&quot;]/div[3]/div/div[1]/app-single-trip[1]/div/div[2]/div[2]/div[3]/div[2]/div[2]/button&#039; is not a valid XPath expression.&quot;}
  (Session info: chrome=125.0.6422.142)
Build info: version: &#039;4.0.0-alpha-6&#039;, revision: &#039;5f43a29cfc&#039;
System info: host: &#039;TVLLAP26&#039;, ip: &#039;10.8.0.20&#039;, os.name: &#039;Windows 10&#039;, os.arch: &#039;amd64&#039;, os.version: &#039;10.0&#039;, java.version: &#039;20.0.1&#039;
Driver info: org.openqa.selenium.chrome.ChromeDriver
Capabilities {acceptInsecureCerts: false, browserName: chrome, browserVersion: 125.0.6422.142, chrome: {chromedriverVersion: 125.0.6422.141 (4b1e8393712..., userDataDir: C:\Users\Kafi\AppData\Local...}, fedcm:accounts: true, goog:chromeOptions: {debuggerAddress: localhost:49996}, javascriptEnabled: true, networkConnectionEnabled: false, pageLoadStrategy: normal, platform: WINDOWS, platformName: WINDOWS, proxy: Proxy(), setWindowRect: true, strictFileInteractability: false, timeouts: {implicit: 0, pageLoad: 300000, script: 30000}, unhandledPromptBehavior: dismiss and notify, webauthn:extension:credBlob: true, webauthn:extension:largeBlob: true, webauthn:extension:minPinLength: true, webauthn:extension:prf: true, webauthn:virtualAuthenticators: true}
Session ID: cc266b9364bd855368883d698d3afba6
*** Element info: {Using=xpath, value=//*[@id=\&quot;search_list_sec\&quot;]/div[3]/div/div[1]/app-single-trip[1]/div/div[2]/div[2]/div[3]/div[2]/div[2]/button}" type="org.openqa.selenium.JavascriptException">
      <![CDATA[org.openqa.selenium.JavascriptException: javascript error: {"status":32,"value":"Unable to locate an element with the xpath expression //*[@id=\\\"search_list_sec\\\"]/div[3]/div/div[1]/app-single-trip[1]/div/div[2]/div[2]/div[3]/div[2]/div[2]/button because of the following error:\nSyntaxError: Failed to execute 'evaluate' on 'Document': The string '//*[@id=\\\"search_list_sec\\\"]/div[3]/div/div[1]/app-single-trip[1]/div/div[2]/div[2]/div[3]/div[2]/div[2]/button' is not a valid XPath expression."}
  (Session info: chrome=125.0.6422.142)
Build info: version: '4.0.0-alpha-6', revision: '5f43a29cfc'
System info: host: 'TVLLAP26', ip: '10.8.0.20', os.name: 'Windows 10', os.arch: 'amd64', os.version: '10.0', java.version: '20.0.1'
Driver info: org.openqa.selenium.chrome.ChromeDriver
Capabilities {acceptInsecureCerts: false, browserName: chrome, browserVersion: 125.0.6422.142, chrome: {chromedriverVersion: 125.0.6422.141 (4b1e8393712..., userDataDir: C:\Users\Kafi\AppData\Local...}, fedcm:accounts: true, goog:chromeOptions: {debuggerAddress: localhost:49996}, javascriptEnabled: true, networkConnectionEnabled: false, pageLoadStrategy: normal, platform: WINDOWS, platformName: WINDOWS, proxy: Proxy(), setWindowRect: true, strictFileInteractability: false, timeouts: {implicit: 0, pageLoad: 300000, script: 30000}, unhandledPromptBehavior: dismiss and notify, webauthn:extension:credBlob: true, webauthn:extension:largeBlob: true, webauthn:extension:minPinLength: true, webauthn:extension:prf: true, webauthn:virtualAuthenticators: true}
Session ID: cc266b9364bd855368883d698d3afba6
*** Element info: {Using=xpath, value=//*[@id=\"search_list_sec\"]/div[3]/div/div[1]/app-single-trip[1]/div/div[2]/div[2]/div[3]/div[2]/div[2]/button}
at java.base/jdk.internal.reflect.DirectConstructorHandleAccessor.newInstance(DirectConstructorHandleAccessor.java:67)
at java.base/java.lang.reflect.Constructor.newInstanceWithCaller(Constructor.java:500)
at java.base/java.lang.reflect.Constructor.newInstance(Constructor.java:484)
at org.openqa.selenium.remote.codec.w3c.W3CHttpResponseCodec.createException(W3CHttpResponseCodec.java:196)
at org.openqa.selenium.remote.codec.w3c.W3CHttpResponseCodec.decode(W3CHttpResponseCodec.java:129)
at org.openqa.selenium.remote.codec.w3c.W3CHttpResponseCodec.decode(W3CHttpResponseCodec.java:53)
at org.openqa.selenium.remote.HttpCommandExecutor.execute(HttpCommandExecutor.java:160)
at org.openqa.selenium.remote.service.DriverCommandExecutor.execute(DriverCommandExecutor.java:83)
at org.openqa.selenium.remote.RemoteWebDriver.execute(RemoteWebDriver.java:582)
at org.openqa.selenium.remote.RemoteWebDriver.findElement(RemoteWebDriver.java:333)
at org.openqa.selenium.remote.RemoteWebDriver.findElementByXPath(RemoteWebDriver.java:451)
at org.openqa.selenium.By$ByXPath.findElement(By.java:394)
at org.openqa.selenium.remote.RemoteWebDriver.findElement(RemoteWebDriver.java:325)
at org.openqa.selenium.support.ui.ExpectedConditions$7.apply(ExpectedConditions.java:205)
at org.openqa.selenium.support.ui.ExpectedConditions$7.apply(ExpectedConditions.java:201)
at org.openqa.selenium.support.ui.ExpectedConditions$22.apply(ExpectedConditions.java:641)
at org.openqa.selenium.support.ui.ExpectedConditions$22.apply(ExpectedConditions.java:638)
at org.openqa.selenium.support.ui.FluentWait.lambda$checkConditionInLoop$2(FluentWait.java:233)
at java.base/java.util.concurrent.CompletableFuture$AsyncSupply.run(CompletableFuture.java:1768)
at java.base/java.util.concurrent.CompletableFuture$AsyncSupply.exec(CompletableFuture.java:1760)
at java.base/java.util.concurrent.ForkJoinTask.doExec(ForkJoinTask.java:387)
at java.base/java.util.concurrent.ForkJoinPool$WorkQueue.topLevelExec(ForkJoinPool.java:1312)
at java.base/java.util.concurrent.ForkJoinPool.scan(ForkJoinPool.java:1843)
at java.base/java.util.concurrent.ForkJoinPool.runWorker(ForkJoinPool.java:1808)
at java.base/java.util.concurrent.ForkJoinWorkerThread.run(ForkJoinWorkerThread.java:188)
]]>
    </error>
  </testcase> <!-- testRecord02202461850Pm -->
  <system-out/>
</testsuite> <!-- com.Nem_Pd.TicketBook -->
